<?xml version="1.0" encoding="UTF-8"?>
<!-- Generated by org.testng.reporters.JUnitReportReporter -->
<testsuite hostname="DESKTOP-8NJJFUD" failures="0" tests="5" name="LearningTestNg.LearningPrioritization" time="0.029" errors="0" timestamp="2023-05-09T12:01:19 BST" skipped="0">
  <testcase classname="LearningTestNg.LearningPrioritization" name="RegisterTest" time="0.018"/>
  <system-out/>
  <testcase classname="LearningTestNg.LearningPrioritization" name="LoginTest" time="0.002"/>
  <system-out/>
  <testcase classname="LearningTestNg.LearningPrioritization" name="WishlistTest" time="0.004"/>
  <system-out/>
  <testcase classname="LearningTestNg.LearningPrioritization" name="CartTest" time="0.002"/>
  <system-out/>
  <testcase classname="LearningTestNg.LearningPrioritization" name="endtoEndTest" time="0.003"/>
  <system-out/>
</testsuite> <!-- LearningTestNg.LearningPrioritization -->
