<?xml version="1.0" encoding="UTF-8"?>
<!-- Generated by org.testng.reporters.JUnitReportReporter -->
<testsuite hostname="DESKTOP-8NJJFUD" failures="0" tests="1" name="LearningTestNg.ChronologicalOrderAnnaotation" time="0.013" errors="0" timestamp="2023-05-08T11:07:53 BST" skipped="0">
  <testcase classname="LearningTestNg.ChronologicalOrderAnnaotation" name="testAnnaotation" time="0.013"/>
  <system-out/>
</testsuite> <!-- LearningTestNg.ChronologicalOrderAnnaotation -->
