<?xml version="1.0" encoding="UTF-8"?>
<!-- Generated by org.testng.reporters.JUnitReportReporter -->
<testsuite hostname="DESKTOP-8NJJFUD" failures="0" tests="4" name="LearningTestNg.LearningParalllExecution" time="37.087" errors="0" timestamp="2023-05-09T10:31:03 BST" skipped="0">
  <testcase classname="LearningTestNg.LearningParalllExecution" name="ParallelTC" time="10.724"/>
  <system-out/>
  <testcase classname="LearningTestNg.LearningParalllExecution" name="ParallelTC" time="7.799"/>
  <system-out/>
  <testcase classname="LearningTestNg.LearningParalllExecution" name="ParallelTC" time="7.735"/>
  <system-out/>
  <testcase classname="LearningTestNg.LearningParalllExecution" name="ParallelTC" time="10.829"/>
  <system-out/>
</testsuite> <!-- LearningTestNg.LearningParalllExecution -->
