<?xml version="1.0" encoding="UTF-8"?>
<!-- Generated by org.testng.reporters.JUnitReportReporter -->
<testsuite hostname="DESKTOP-8NJJFUD" failures="0" tests="5" name="LearningTestNg.LearningDataDrivenTesting" time="0.038" errors="0" timestamp="2023-05-12T12:46:21 BST" skipped="0">
  <testcase classname="LearningTestNg.LearningDataDrivenTesting" name="LoginTestcase" time="0.005"/>
  <system-out/>
  <testcase classname="LearningTestNg.LearningDataDrivenTesting" name="LoginTestcase" time="0.015"/>
  <system-out/>
  <testcase classname="LearningTestNg.LearningDataDrivenTesting" name="LoginTestcase" time="0.011"/>
  <system-out/>
  <testcase classname="LearningTestNg.LearningDataDrivenTesting" name="LoginTestcase" time="0.004"/>
  <system-out/>
  <testcase classname="LearningTestNg.LearningDataDrivenTesting" name="LoginTestcase" time="0.003"/>
  <system-out/>
</testsuite> <!-- LearningTestNg.LearningDataDrivenTesting -->
