<?xml version="1.0" encoding="UTF-8"?>
<!-- Generated by org.testng.reporters.JUnitReportReporter -->
<testsuite hostname="DESKTOP-8NJJFUD" failures="0" tests="1" name="LearningTestNg.RegisterTest" time="3.593" errors="0" timestamp="2023-05-09T13:11:03 BST" skipped="0">
  <testcase classname="LearningTestNg.RegisterTest" name="registerTest" time="3.593"/>
  <system-out/>
</testsuite> <!-- LearningTestNg.RegisterTest -->
