<?xml version="1.0" encoding="UTF-8"?>
<!-- Generated by org.testng.reporters.JUnitReportReporter -->
<testsuite hostname="DESKTOP-8NJJFUD" failures="0" tests="1" name="LearningTestNg.SampleTestcase" time="9.296" errors="0" timestamp="2023-05-08T10:47:36 BST" skipped="0">
  <testcase classname="LearningTestNg.SampleTestcase" name="testcase" time="9.296"/>
  <system-out/>
</testsuite> <!-- LearningTestNg.SampleTestcase -->
